{"level":"info","message":"::1 - - [14/Mar/2024:14:26:15 +0000] \"GET / HTTP/1.1\" 404 139","timestamp":"2024-03-14T14:26:15.746Z"}
{"level":"info","message":"::1 - - [14/Mar/2024:14:26:26 +0000] \"GET / HTTP/1.1\" 404 139","timestamp":"2024-03-14T14:26:26.144Z"}
{"level":"info","message":"::1 - - [14/Mar/2024:14:26:43 +0000] \"GET / HTTP/1.1\" 404 139","timestamp":"2024-03-14T14:26:43.399Z"}
{"level":"info","message":"::1 - - [14/Mar/2024:14:27:10 +0000] \"GET /users HTTP/1.1\" 200 93","timestamp":"2024-03-14T14:27:10.153Z"}
{"level":"info","message":"::1 - - [14/Mar/2024:14:27:50 +0000] \"GET /users HTTP/1.1\" 200 93","timestamp":"2024-03-14T14:27:50.613Z"}
{"level":"info","message":"::1 - - [14/Mar/2024:14:27:54 +0000] \"GET /users HTTP/1.1\" 200 93","timestamp":"2024-03-14T14:27:54.544Z"}
{"level":"info","message":"::1 - - [14/Mar/2024:14:27:55 +0000] \"GET /users HTTP/1.1\" 200 93","timestamp":"2024-03-14T14:27:55.596Z"}
{"level":"info","message":"::1 - - [14/Mar/2024:14:44:41 +0000] \"GET /users HTTP/1.1\" 200 93","timestamp":"2024-03-14T14:44:41.154Z"}
{"level":"info","message":"::1 - - [14/Mar/2024:14:44:42 +0000] \"GET /users HTTP/1.1\" 200 93","timestamp":"2024-03-14T14:44:42.217Z"}
{"level":"info","message":"::1 - - [14/Mar/2024:14:44:44 +0000] \"POST / HTTP/1.1\" 404 140","timestamp":"2024-03-14T14:44:44.503Z"}
{"level":"info","message":"::1 - - [14/Mar/2024:14:49:35 +0000] \"POST / HTTP/1.1\" 404 140","timestamp":"2024-03-14T14:49:35.721Z"}
{"level":"error","message":"Error writing to users file: users.push is not a function","timestamp":"2024-03-14T14:52:09.445Z"}
{"level":"info","message":"::1 - - [14/Mar/2024:14:52:09 +0000] \"POST /users HTTP/1.1\" 500 294","timestamp":"2024-03-14T14:52:09.446Z"}
{"level":"info","message":"::1 - - [14/Mar/2024:14:53:39 +0000] \"GET /users HTTP/1.1\" 200 93","timestamp":"2024-03-14T14:53:39.123Z"}
{"level":"info","message":"::1 - - [14/Mar/2024:14:53:39 +0000] \"GET /users HTTP/1.1\" 200 93","timestamp":"2024-03-14T14:53:39.744Z"}
{"level":"info","message":"::1 - - [14/Mar/2024:14:53:54 +0000] \"GET /users HTTP/1.1\" 200 93","timestamp":"2024-03-14T14:53:54.334Z"}
{"level":"info","message":"::1 - - [14/Mar/2024:14:56:16 +0000] \"GET /users HTTP/1.1\" 500 1734","timestamp":"2024-03-14T14:56:16.786Z"}
{"level":"error","message":"Error reading users file: Cannot set headers after they are sent to the client","timestamp":"2024-03-14T14:56:16.788Z"}
{"level":"info","message":"::1 - - [14/Mar/2024:14:57:01 +0000] \"GET /users HTTP/1.1\" 200 93","timestamp":"2024-03-14T14:57:01.792Z"}
{"level":"info","message":"::1 - - [14/Mar/2024:14:57:02 +0000] \"GET /users HTTP/1.1\" 200 93","timestamp":"2024-03-14T14:57:02.650Z"}
{"level":"info","message":"::1 - - [14/Mar/2024:14:57:23 +0000] \"POST /users HTTP/1.1\" - -","timestamp":"2024-03-14T14:57:23.958Z"}
{"level":"info","message":"::1 - - [14/Mar/2024:14:57:38 +0000] \"GET /users HTTP/1.1\" 200 93","timestamp":"2024-03-14T14:57:38.148Z"}
{"level":"error","message":"Error writing to users file: users.push is not a function","timestamp":"2024-03-14T14:58:20.507Z"}
{"level":"info","message":"::1 - - [14/Mar/2024:14:58:20 +0000] \"POST /users HTTP/1.1\" 500 294","timestamp":"2024-03-14T14:58:20.510Z"}
{"level":"error","message":"Error writing to users file: users.push is not a function","timestamp":"2024-03-14T14:58:36.445Z"}
{"level":"info","message":"::1 - - [14/Mar/2024:14:58:36 +0000] \"POST /users HTTP/1.1\" 500 294","timestamp":"2024-03-14T14:58:36.448Z"}
{"level":"info","message":"::1 - - [14/Mar/2024:15:00:11 +0000] \"POST /users HTTP/1.1\" 201 87","timestamp":"2024-03-14T15:00:11.772Z"}
{"level":"info","message":"::1 - - [14/Mar/2024:15:00:40 +0000] \"GET /users HTTP/1.1\" 200 183","timestamp":"2024-03-14T15:00:40.023Z"}
{"level":"info","message":"::1 - - [14/Mar/2024:15:00:41 +0000] \"GET /users HTTP/1.1\" 200 183","timestamp":"2024-03-14T15:00:41.415Z"}
{"level":"info","message":"::1 - - [14/Mar/2024:15:22:07 +0000] \"GET /users HTTP/1.1\" 200 183","timestamp":"2024-03-14T15:22:07.319Z"}
{"level":"info","message":"::1 - - [14/Mar/2024:15:22:08 +0000] \"GET /users HTTP/1.1\" 200 183","timestamp":"2024-03-14T15:22:08.157Z"}
{"level":"info","message":"::1 - - [14/Mar/2024:15:22:43 +0000] \"POST / HTTP/1.1\" 404 140","timestamp":"2024-03-14T15:22:43.975Z"}
{"level":"info","message":"::1 - - [14/Mar/2024:15:22:49 +0000] \"POST /users HTTP/1.1\" 201 87","timestamp":"2024-03-14T15:22:49.342Z"}
{"level":"info","message":"::1 - - [14/Mar/2024:15:22:56 +0000] \"GET / HTTP/1.1\" 404 139","timestamp":"2024-03-14T15:22:56.264Z"}
{"level":"info","message":"::1 - - [14/Mar/2024:15:23:00 +0000] \"GET /users HTTP/1.1\" 200 271","timestamp":"2024-03-14T15:23:00.806Z"}
{"level":"info","message":"::1 - - [14/Mar/2024:15:23:02 +0000] \"GET /users HTTP/1.1\" 304 -","timestamp":"2024-03-14T15:23:02.734Z"}
{"level":"info","message":"::1 - - [14/Mar/2024:15:48:54 +0000] \"GET /users HTTP/1.1\" 304 -","timestamp":"2024-03-14T15:48:54.150Z"}
{"level":"info","message":"::1 - - [14/Mar/2024:15:48:54 +0000] \"GET /users HTTP/1.1\" 304 -","timestamp":"2024-03-14T15:48:54.945Z"}
{"level":"info","message":"::1 - - [14/Mar/2024:15:49:17 +0000] \"GET / HTTP/1.1\" 404 81","timestamp":"2024-03-14T15:49:17.943Z"}
{"level":"info","message":"::1 - - [14/Mar/2024:15:49:24 +0000] \"GET /users HTTP/1.1\" 304 -","timestamp":"2024-03-14T15:49:24.055Z"}
{"level":"info","message":"::1 - - [14/Mar/2024:15:49:31 +0000] \"GET /userss HTTP/1.1\" 404 81","timestamp":"2024-03-14T15:49:31.064Z"}
{"level":"info","message":"::1 - - [14/Mar/2024:15:49:48 +0000] \"GET /userss HTTP/1.1\" 404 81","timestamp":"2024-03-14T15:49:48.926Z"}
{"level":"info","message":"::1 - - [14/Mar/2024:15:49:50 +0000] \"GET /users HTTP/1.1\" 304 -","timestamp":"2024-03-14T15:49:50.996Z"}
{"level":"info","message":"::1 - - [16/Mar/2024:10:13:56 +0000] \"GET / HTTP/1.1\" 404 81","timestamp":"2024-03-16T10:13:56.293Z"}
{"level":"info","message":"::1 - - [16/Mar/2024:10:13:56 +0000] \"GET /favicon.ico HTTP/1.1\" 404 81","timestamp":"2024-03-16T10:13:56.502Z"}
{"level":"info","message":"::1 - - [16/Mar/2024:10:13:59 +0000] \"GET /users HTTP/1.1\" 200 271","timestamp":"2024-03-16T10:13:59.800Z"}
{"level":"info","message":"::1 - - [16/Mar/2024:10:16:30 +0000] \"POST /users HTTP/1.1\" 201 95","timestamp":"2024-03-16T10:16:30.400Z"}
{"level":"info","message":"::1 - - [16/Mar/2024:10:16:57 +0000] \"GET /users HTTP/1.1\" 200 367","timestamp":"2024-03-16T10:16:57.012Z"}
{"level":"info","message":"::1 - - [16/Mar/2024:10:16:58 +0000] \"GET /users HTTP/1.1\" 304 -","timestamp":"2024-03-16T10:16:58.146Z"}
{"level":"info","message":"::1 - - [16/Mar/2024:11:41:44 +0000] \"GET / HTTP/1.1\" 404 81","timestamp":"2024-03-16T11:41:44.927Z"}
{"level":"info","message":"::1 - - [16/Mar/2024:11:41:49 +0000] \"GET /users HTTP/1.1\" 304 -","timestamp":"2024-03-16T11:41:49.413Z"}
{"level":"info","message":"::1 - - [16/Mar/2024:11:46:08 +0000] \"POST /users HTTP/1.1\" 201 86","timestamp":"2024-03-16T11:46:08.842Z"}
{"level":"info","message":"::1 - - [16/Mar/2024:11:46:21 +0000] \"GET /users HTTP/1.1\" 200 454","timestamp":"2024-03-16T11:46:21.989Z"}
{"level":"info","message":"::1 - - [16/Mar/2024:11:46:22 +0000] \"GET /users HTTP/1.1\" 304 -","timestamp":"2024-03-16T11:46:22.330Z"}
{"level":"info","message":"::1 - - [16/Mar/2024:12:12:35 +0000] \"GET / HTTP/1.1\" 404 81","timestamp":"2024-03-16T12:12:35.020Z"}
{"level":"info","message":"::1 - - [16/Mar/2024:12:13:09 +0000] \"GET /users HTTP/1.1\" 200 454","timestamp":"2024-03-16T12:13:09.927Z"}
{"level":"info","message":"::1 - - [16/Mar/2024:12:13:20 +0000] \"GET /users HTTP/1.1\" 200 454","timestamp":"2024-03-16T12:13:20.661Z"}
{"level":"info","message":"::1 - - [16/Mar/2024:12:16:37 +0000] \"GET /users HTTP/1.1\" 200 454","timestamp":"2024-03-16T12:16:37.495Z"}
{"level":"info","message":"::1 - - [16/Mar/2024:12:39:02 +0000] \"GET /users HTTP/1.1\" 200 454","timestamp":"2024-03-16T12:39:02.417Z"}
{"level":"info","message":"::1 - - [16/Mar/2024:12:42:38 +0000] \"GET /users HTTP/1.1\" 200 454","timestamp":"2024-03-16T12:42:38.730Z"}
{"level":"info","message":"::1 - - [16/Mar/2024:12:42:39 +0000] \"GET /users HTTP/1.1\" 200 454","timestamp":"2024-03-16T12:42:39.740Z"}
{"level":"info","message":"::1 - - [16/Mar/2024:12:43:21 +0000] \"POST /users HTTP/1.1\" 201 128","timestamp":"2024-03-16T12:43:21.775Z"}
{"level":"info","message":"::1 - - [16/Mar/2024:12:43:25 +0000] \"GET /users HTTP/1.1\" 200 583","timestamp":"2024-03-16T12:43:25.521Z"}
{"level":"info","message":"::1 - - [16/Mar/2024:12:43:25 +0000] \"GET /users HTTP/1.1\" 200 583","timestamp":"2024-03-16T12:43:25.747Z"}
{"level":"info","message":"::1 - - [16/Mar/2024:12:43:48 +0000] \"POST /users HTTP/1.1\" 201 129","timestamp":"2024-03-16T12:43:48.081Z"}
{"level":"info","message":"::1 - - [16/Mar/2024:12:43:50 +0000] \"GET /users HTTP/1.1\" 200 713","timestamp":"2024-03-16T12:43:50.917Z"}
{"level":"info","message":"::1 - - [16/Mar/2024:12:52:41 +0000] \"GET / HTTP/1.1\" 404 81","timestamp":"2024-03-16T12:52:41.674Z"}
{"level":"info","message":"::1 - - [16/Mar/2024:12:52:47 +0000] \"GET /users HTTP/1.1\" 304 -","timestamp":"2024-03-16T12:52:47.863Z"}
{"level":"info","message":"::1 - - [16/Mar/2024:12:54:09 +0000] \"POST /users HTTP/1.1\" 201 130","timestamp":"2024-03-16T12:54:09.958Z"}
{"level":"info","message":"::1 - - [16/Mar/2024:12:54:32 +0000] \"GET /users HTTP/1.1\" 200 844","timestamp":"2024-03-16T12:54:32.916Z"}
{"level":"info","message":"::1 - - [16/Mar/2024:12:54:33 +0000] \"GET /users HTTP/1.1\" 304 -","timestamp":"2024-03-16T12:54:33.258Z"}
{"level":"info","message":"::1 - - [17/Mar/2024:12:54:34 +0000] \"GET / HTTP/1.1\" 404 81","timestamp":"2024-03-17T12:54:34.985Z"}
{"level":"info","message":"::1 - - [17/Mar/2024:12:54:40 +0000] \"GET /users HTTP/1.1\" 200 844","timestamp":"2024-03-17T12:54:40.778Z"}
{"level":"info","message":"::1 - - [17/Mar/2024:12:59:46 +0000] \"GET /users HTTP/1.1\" 200 844","timestamp":"2024-03-17T12:59:46.399Z"}
{"level":"error","message":"Error reading users file: id is not defined","timestamp":"2024-03-17T13:02:35.561Z"}
{"level":"info","message":"::1 - - [17/Mar/2024:13:02:35 +0000] \"GET /users HTTP/1.1\" 500 36","timestamp":"2024-03-17T13:02:35.564Z"}
{"level":"info","message":"::1 - - [17/Mar/2024:13:04:03 +0000] \"GET /users HTTP/1.1\" 400 35","timestamp":"2024-03-17T13:04:03.243Z"}
{"level":"info","message":"::1 - - [17/Mar/2024:13:04:53 +0000] \"GET /users HTTP/1.1\" 400 35","timestamp":"2024-03-17T13:04:53.385Z"}
{"level":"info","message":"::1 - - [17/Mar/2024:13:05:11 +0000] \"GET /users HTTP/1.1\" 200 391","timestamp":"2024-03-17T13:05:11.750Z"}
{"level":"error","message":"Error reading users file: Cannot set headers after they are sent to the client","timestamp":"2024-03-17T13:06:27.636Z"}
{"level":"error","message":"Error reading users file: Cannot set headers after they are sent to the client","timestamp":"2024-03-17T13:06:50.708Z"}
{"level":"info","message":"::1 - - [17/Mar/2024:13:07:01 +0000] \"GET /users HTTP/1.1\" 200 391","timestamp":"2024-03-17T13:07:01.238Z"}
{"level":"info","message":"::1 - - [17/Mar/2024:13:08:05 +0000] \"GET /users HTTP/1.1\" - -","timestamp":"2024-03-17T13:08:05.377Z"}
{"level":"info","message":"::1 - - [17/Mar/2024:13:08:08 +0000] \"GET /users HTTP/1.1\" - -","timestamp":"2024-03-17T13:08:08.087Z"}
{"level":"info","message":"::1 - - [17/Mar/2024:13:08:11 +0000] \"GET /users HTTP/1.1\" - -","timestamp":"2024-03-17T13:08:11.270Z"}
{"level":"info","message":"::1 - - [17/Mar/2024:13:08:13 +0000] \"GET /users HTTP/1.1\" - -","timestamp":"2024-03-17T13:08:13.488Z"}
{"level":"info","message":"::1 - - [17/Mar/2024:13:08:55 +0000] \"GET /users HTTP/1.1\" - -","timestamp":"2024-03-17T13:08:55.795Z"}
{"level":"info","message":"::1 - - [17/Mar/2024:13:10:12 +0000] \"GET /users HTTP/1.1\" 200 391","timestamp":"2024-03-17T13:10:12.664Z"}
{"level":"info","message":"::1 - - [17/Mar/2024:13:11:21 +0000] \"GET /users HTTP/1.1\" 200 391","timestamp":"2024-03-17T13:11:21.547Z"}
{"level":"info","message":"::1 - - [17/Mar/2024:13:12:19 +0000] \"POST /users HTTP/1.1\" - -","timestamp":"2024-03-17T13:12:19.142Z"}
{"level":"info","message":"::1 - - [17/Mar/2024:13:12:38 +0000] \"POST /users HTTP/1.1\" - -","timestamp":"2024-03-17T13:12:38.492Z"}
{"level":"info","message":"::1 - - [17/Mar/2024:13:12:40 +0000] \"GET /users HTTP/1.1\" 200 391","timestamp":"2024-03-17T13:12:40.721Z"}
{"level":"info","message":"::1 - - [17/Mar/2024:13:13:19 +0000] \"GET /users HTTP/1.1\" 200 391","timestamp":"2024-03-17T13:13:19.940Z"}
{"level":"info","message":"::1 - - [17/Mar/2024:13:13:22 +0000] \"POST /users HTTP/1.1\" 400 35","timestamp":"2024-03-17T13:13:22.483Z"}
{"level":"info","message":"::1 - - [17/Mar/2024:13:13:44 +0000] \"POST /users HTTP/1.1\" 400 35","timestamp":"2024-03-17T13:13:44.374Z"}
{"level":"info","message":"::1 - - [17/Mar/2024:13:13:48 +0000] \"GET /users HTTP/1.1\" 200 391","timestamp":"2024-03-17T13:13:48.152Z"}
{"level":"info","message":"::1 - - [17/Mar/2024:13:21:55 +0000] \"GET /users HTTP/1.1\" 200 391","timestamp":"2024-03-17T13:21:55.028Z"}
{"level":"info","message":"::1 - - [17/Mar/2024:13:22:41 +0000] \"GET /users HTTP/1.1\" 200 391","timestamp":"2024-03-17T13:22:41.242Z"}
{"level":"info","message":"::1 - - [17/Mar/2024:13:23:01 +0000] \"POST /users HTTP/1.1\" 201 96","timestamp":"2024-03-17T13:23:01.852Z"}
{"level":"info","message":"::1 - - [17/Mar/2024:13:23:07 +0000] \"GET /users HTTP/1.1\" 200 488","timestamp":"2024-03-17T13:23:07.524Z"}
{"level":"info","message":"::1 - - [17/Mar/2024:13:23:34 +0000] \"POST /users HTTP/1.1\" 201 128","timestamp":"2024-03-17T13:23:34.673Z"}
{"level":"info","message":"::1 - - [17/Mar/2024:13:23:37 +0000] \"GET /users HTTP/1.1\" 200 617","timestamp":"2024-03-17T13:23:37.487Z"}
{"level":"info","message":"::1 - - [17/Mar/2024:13:24:01 +0000] \"POST /users HTTP/1.1\" 400 1299","timestamp":"2024-03-17T13:24:01.606Z"}
{"level":"info","message":"::1 - - [17/Mar/2024:13:24:21 +0000] \"GET /users HTTP/1.1\" 200 617","timestamp":"2024-03-17T13:24:21.547Z"}
{"level":"info","message":"::1 - - [17/Mar/2024:13:26:35 +0000] \"POST /users HTTP/1.1\" 400 1299","timestamp":"2024-03-17T13:26:35.992Z"}
{"level":"info","message":"::1 - - [17/Mar/2024:13:27:12 +0000] \"POST /users HTTP/1.1\" 201 109","timestamp":"2024-03-17T13:27:12.068Z"}
{"level":"info","message":"::1 - - [17/Mar/2024:13:27:14 +0000] \"GET /users HTTP/1.1\" 200 727","timestamp":"2024-03-17T13:27:14.387Z"}
{"level":"info","message":"::1 - - [17/Mar/2024:13:28:04 +0000] \"POST /users HTTP/1.1\" 201 113","timestamp":"2024-03-17T13:28:04.188Z"}
{"level":"info","message":"::1 - - [17/Mar/2024:13:28:06 +0000] \"GET /users HTTP/1.1\" 200 841","timestamp":"2024-03-17T13:28:06.375Z"}
{"level":"info","message":"::1 - - [17/Mar/2024:13:31:23 +0000] \"POST /users HTTP/1.1\" 400 35","timestamp":"2024-03-17T13:31:23.766Z"}
{"level":"info","message":"::1 - - [17/Mar/2024:13:31:26 +0000] \"GET /users HTTP/1.1\" 200 841","timestamp":"2024-03-17T13:31:26.770Z"}
{"level":"info","message":"::1 - - [17/Mar/2024:13:31:59 +0000] \"POST /users HTTP/1.1\" 400 35","timestamp":"2024-03-17T13:31:59.088Z"}
{"level":"info","message":"::1 - - [17/Mar/2024:13:32:04 +0000] \"GET /users HTTP/1.1\" 200 841","timestamp":"2024-03-17T13:32:04.970Z"}
{"level":"info","message":"::1 - - [17/Mar/2024:13:32:06 +0000] \"GET /users HTTP/1.1\" 200 841","timestamp":"2024-03-17T13:32:06.190Z"}
{"level":"info","message":"::1 - - [17/Mar/2024:13:38:23 +0000] \"POST /users HTTP/1.1\" 201 135","timestamp":"2024-03-17T13:38:23.210Z"}
{"level":"info","message":"::1 - - [17/Mar/2024:13:38:26 +0000] \"GET /users HTTP/1.1\" 200 977","timestamp":"2024-03-17T13:38:26.517Z"}
{"level":"info","message":"::1 - - [17/Mar/2024:13:38:33 +0000] \"POST /users HTTP/1.1\" 400 1299","timestamp":"2024-03-17T13:38:33.381Z"}
{"level":"info","message":"::1 - - [17/Mar/2024:13:38:43 +0000] \"POST /users HTTP/1.1\" 400 35","timestamp":"2024-03-17T13:38:43.963Z"}
{"level":"info","message":"::1 - - [17/Mar/2024:13:38:53 +0000] \"GET /users HTTP/1.1\" 200 977","timestamp":"2024-03-17T13:38:53.053Z"}
{"level":"info","message":"::1 - - [17/Mar/2024:13:39:00 +0000] \"POST /users HTTP/1.1\" 400 35","timestamp":"2024-03-17T13:39:00.100Z"}
{"level":"info","message":"::1 - - [17/Mar/2024:13:40:20 +0000] \"POST /users HTTP/1.1\" 201 132","timestamp":"2024-03-17T13:40:20.591Z"}
{"level":"info","message":"::1 - - [17/Mar/2024:13:40:27 +0000] \"GET /users HTTP/1.1\" 200 1110","timestamp":"2024-03-17T13:40:27.934Z"}
{"level":"info","message":"::1 - - [17/Mar/2024:14:37:23 +0000] \"GET / HTTP/1.1\" 404 81","timestamp":"2024-03-17T14:37:23.977Z"}
{"level":"info","message":"::1 - - [17/Mar/2024:14:37:27 +0000] \"GET /users HTTP/1.1\" 304 -","timestamp":"2024-03-17T14:37:27.326Z"}
{"level":"info","message":"::1 - - [17/Mar/2024:14:38:01 +0000] \"GET /users/9d66363a-f06b-4a6b-aa64-0017257f4f44 HTTP/1.1\" 200 45","timestamp":"2024-03-17T14:38:01.921Z"}
{"level":"info","message":"::1 - - [17/Mar/2024:14:38:14 +0000] \"GET /users/9d66363a-f06b-4a6b-aa64-0017257f4f45 HTTP/1.1\" 200 45","timestamp":"2024-03-17T14:38:14.404Z"}
{"level":"info","message":"::1 - - [17/Mar/2024:14:39:13 +0000] \"GET /users/9d66363a-f06b-4a6b-aa64-0017257f4f45 HTTP/1.1\" 404 81","timestamp":"2024-03-17T14:39:13.497Z"}
{"level":"info","message":"::1 - - [17/Mar/2024:14:39:15 +0000] \"GET /users HTTP/1.1\" 304 -","timestamp":"2024-03-17T14:39:15.611Z"}
{"level":"info","message":"::1 - - [17/Mar/2024:16:01:50 +0000] \"GET /users HTTP/1.1\" 500 1734","timestamp":"2024-03-17T16:01:50.797Z"}
{"level":"error","message":"Error reading users file: Cannot set headers after they are sent to the client","timestamp":"2024-03-17T16:01:50.800Z"}
{"level":"info","message":"::1 - - [17/Mar/2024:16:02:51 +0000] \"GET /users HTTP/1.1\" 200 1110","timestamp":"2024-03-17T16:02:51.911Z"}
{"level":"info","message":"::1 - - [17/Mar/2024:16:02:52 +0000] \"GET /users HTTP/1.1\" 304 -","timestamp":"2024-03-17T16:02:52.778Z"}
{"level":"info","message":"::1 - - [17/Mar/2024:16:10:04 +0000] \"GET /users HTTP/1.1\" 304 -","timestamp":"2024-03-17T16:10:04.060Z"}
{"level":"info","message":"::1 - - [17/Mar/2024:16:10:40 +0000] \"GET /users HTTP/1.1\" 304 -","timestamp":"2024-03-17T16:10:40.016Z"}
{"level":"info","message":"::1 - - [17/Mar/2024:16:10:40 +0000] \"GET /users HTTP/1.1\" 304 -","timestamp":"2024-03-17T16:10:40.770Z"}
{"level":"info","message":"::1 - - [17/Mar/2024:16:12:24 +0000] \"GET /users HTTP/1.1\" 304 -","timestamp":"2024-03-17T16:12:24.829Z"}
{"level":"info","message":"::1 - - [17/Mar/2024:16:12:25 +0000] \"GET /users HTTP/1.1\" 304 -","timestamp":"2024-03-17T16:12:25.375Z"}
{"level":"info","message":"::1 - - [17/Mar/2024:16:13:14 +0000] \"GET /users/dbf891c8-2c86-49f4-aea1-b764169c63e6 HTTP/1.1\" 404 81","timestamp":"2024-03-17T16:13:14.409Z"}
{"level":"info","message":"::1 - - [17/Mar/2024:16:13:52 +0000] \"GET /users/dbf891c8-2c86-49f4-aea1-b764169c63e6 HTTP/1.1\" 404 81","timestamp":"2024-03-17T16:13:52.153Z"}
{"level":"info","message":"::1 - - [17/Mar/2024:16:14:01 +0000] \"GET /users/ HTTP/1.1\" 200 1110","timestamp":"2024-03-17T16:14:01.920Z"}
{"level":"info","message":"::1 - - [17/Mar/2024:16:14:19 +0000] \"GET /users/dbf891c8-2c86-49f4-aea1-b764169c63e6 HTTP/1.1\" 404 81","timestamp":"2024-03-17T16:14:19.063Z"}
{"level":"info","message":"::1 - - [17/Mar/2024:16:14:23 +0000] \"GET /users/dbf891c8-2c86-49f4-aea1-b764169c63e6 HTTP/1.1\" 404 81","timestamp":"2024-03-17T16:14:23.923Z"}
{"level":"info","message":"::1 - - [17/Mar/2024:16:31:29 +0000] \"GET /users/dbf891c8-2c86-49f4-aea1-b764169c63e6 HTTP/1.1\" 404 81","timestamp":"2024-03-17T16:31:29.417Z"}
{"level":"info","message":"::1 - - [17/Mar/2024:16:31:39 +0000] \"GET /users/dbf891c8-2c86-49f4-aea1-b764169c63e6 HTTP/1.1\" 404 81","timestamp":"2024-03-17T16:31:39.691Z"}
{"level":"info","message":"::1 - - [17/Mar/2024:16:31:44 +0000] \"GET /users/ HTTP/1.1\" 200 1110","timestamp":"2024-03-17T16:31:44.089Z"}
{"level":"info","message":"::1 - - [17/Mar/2024:16:32:46 +0000] \"GET /users HTTP/1.1\" 200 1110","timestamp":"2024-03-17T16:32:46.647Z"}
{"level":"info","message":"::1 - - [19/Mar/2024:14:52:51 +0000] \"GET / HTTP/1.1\" 404 81","timestamp":"2024-03-19T14:52:51.889Z"}
{"level":"info","message":"::1 - - [19/Mar/2024:14:52:52 +0000] \"GET /favicon.ico HTTP/1.1\" 404 81","timestamp":"2024-03-19T14:52:52.113Z"}
{"level":"info","message":"::1 - - [19/Mar/2024:15:07:45 +0000] \"GET /users HTTP/1.1\" 200 1110","timestamp":"2024-03-19T15:07:45.050Z"}
{"level":"info","message":"::1 - - [19/Mar/2024:15:07:46 +0000] \"GET /users HTTP/1.1\" 304 -","timestamp":"2024-03-19T15:07:46.939Z"}
{"level":"info","message":"::1 - - [19/Mar/2024:15:11:33 +0000] \"GET / HTTP/1.1\" 404 81","timestamp":"2024-03-19T15:11:33.251Z"}
{"level":"info","message":"::1 - - [19/Mar/2024:15:11:38 +0000] \"GET /userss HTTP/1.1\" 404 81","timestamp":"2024-03-19T15:11:38.389Z"}
{"level":"info","message":"::1 - - [19/Mar/2024:15:11:43 +0000] \"GET /users HTTP/1.1\" 304 -","timestamp":"2024-03-19T15:11:43.339Z"}
{"level":"info","message":"::1 - - [19/Mar/2024:15:11:57 +0000] \"GET /users/dbf891c8-2c86-49f4-aea1-b764169c63e6 HTTP/1.1\" 404 81","timestamp":"2024-03-19T15:11:57.910Z"}
{"level":"info","message":"::1 - - [19/Mar/2024:15:12:14 +0000] \"GET /dbf891c8-2c86-49f4-aea1-b764169c63e6 HTTP/1.1\" 404 81","timestamp":"2024-03-19T15:12:14.823Z"}
{"level":"info","message":"::1 - - [19/Mar/2024:15:13:09 +0000] \"GET /users HTTP/1.1\" 200 1110","timestamp":"2024-03-19T15:13:09.845Z"}
{"level":"info","message":"::1 - - [19/Mar/2024:15:13:26 +0000] \"GET /5676a2fe-d9f5-4480-94db-bdd1161ee991 HTTP/1.1\" 404 81","timestamp":"2024-03-19T15:13:26.998Z"}
{"level":"info","message":"::1 - - [19/Mar/2024:15:13:59 +0000] \"GET /users/5676a2fe-d9f5-4480-94db-bdd1161ee991 HTTP/1.1\" 404 81","timestamp":"2024-03-19T15:13:59.894Z"}
{"level":"info","message":"::1 - - [19/Mar/2024:15:14:03 +0000] \"GET /users HTTP/1.1\" 200 1110","timestamp":"2024-03-19T15:14:03.947Z"}
{"level":"info","message":"::1 - - [19/Mar/2024:15:14:49 +0000] \"GET /users/5676a2fe-d9f5-4480-94db-bdd1161ee991 HTTP/1.1\" 404 81","timestamp":"2024-03-19T15:14:49.769Z"}
{"level":"info","message":"::1 - - [19/Mar/2024:15:18:12 +0000] \"GET /5676a2fe-d9f5-4480-94db-bdd1161ee991 HTTP/1.1\" 404 81","timestamp":"2024-03-19T15:18:12.850Z"}
{"level":"info","message":"::1 - - [19/Mar/2024:15:20:33 +0000] \"GET /dbf891c8-2c86-49f4-aea1-b764169c63e6 HTTP/1.1\" 404 81","timestamp":"2024-03-19T15:20:33.843Z"}
{"level":"info","message":"::1 - - [19/Mar/2024:15:20:40 +0000] \"GET /5676a2fe-d9f5-4480-94db-bdd1161ee991 HTTP/1.1\" 404 81","timestamp":"2024-03-19T15:20:40.043Z"}
{"level":"info","message":"::1 - - [19/Mar/2024:15:21:02 +0000] \"GET /users HTTP/1.1\" 200 1110","timestamp":"2024-03-19T15:21:02.386Z"}
{"level":"info","message":"::1 - - [19/Mar/2024:15:21:22 +0000] \"GET /users HTTP/1.1\" 404 81","timestamp":"2024-03-19T15:21:22.786Z"}
{"level":"info","message":"::1 - - [19/Mar/2024:15:21:51 +0000] \"GET /users HTTP/1.1\" 200 1110","timestamp":"2024-03-19T15:21:51.038Z"}
{"level":"info","message":"::1 - - [19/Mar/2024:15:22:06 +0000] \"GET /userss HTTP/1.1\" 404 81","timestamp":"2024-03-19T15:22:06.038Z"}
{"level":"info","message":"::1 - - [19/Mar/2024:15:22:22 +0000] \"GET / HTTP/1.1\" 404 81","timestamp":"2024-03-19T15:22:22.805Z"}
{"level":"info","message":"::1 - - [20/Mar/2024:14:53:49 +0000] \"GET / HTTP/1.1\" 404 81","timestamp":"2024-03-20T14:53:49.914Z"}
{"level":"info","message":"::1 - - [20/Mar/2024:14:53:50 +0000] \"GET /favicon.ico HTTP/1.1\" 404 81","timestamp":"2024-03-20T14:53:50.055Z"}
{"level":"info","message":"::1 - - [20/Mar/2024:14:53:54 +0000] \"GET /users HTTP/1.1\" 200 1110","timestamp":"2024-03-20T14:53:54.207Z"}
{"level":"info","message":"::1 - - [20/Mar/2024:14:54:12 +0000] \"GET /userss HTTP/1.1\" 404 81","timestamp":"2024-03-20T14:54:12.936Z"}
{"level":"info","message":"::1 - - [20/Mar/2024:14:54:49 +0000] \"GET /userss HTTP/1.1\" 404 81","timestamp":"2024-03-20T14:54:49.014Z"}
{"level":"info","message":"::1 - - [20/Mar/2024:14:55:11 +0000] \"GET /userList HTTP/1.1\" 404 81","timestamp":"2024-03-20T14:55:11.651Z"}
{"level":"info","message":"::1 - - [20/Mar/2024:14:58:41 +0000] \"GET /dbf891c8-2c86-49f4-aea1-b764169c63e6 HTTP/1.1\" 404 81","timestamp":"2024-03-20T14:58:41.808Z"}
{"level":"info","message":"::1 - - [20/Mar/2024:14:58:48 +0000] \"GET /users/dbf891c8-2c86-49f4-aea1-b764169c63e6 HTTP/1.1\" 404 81","timestamp":"2024-03-20T14:58:48.440Z"}
{"level":"info","message":"::1 - - [20/Mar/2024:14:59:08 +0000] \"GET / HTTP/1.1\" 404 81","timestamp":"2024-03-20T14:59:08.187Z"}
{"level":"info","message":"::1 - - [20/Mar/2024:14:59:22 +0000] \"GET / HTTP/1.1\" 404 81","timestamp":"2024-03-20T14:59:22.582Z"}
{"level":"info","message":"::1 - - [20/Mar/2024:14:59:33 +0000] \"GET / HTTP/1.1\" 404 81","timestamp":"2024-03-20T14:59:33.513Z"}
{"level":"info","message":"::1 - - [20/Mar/2024:15:00:02 +0000] \"GET /users HTTP/1.1\" 200 1110","timestamp":"2024-03-20T15:00:02.300Z"}
{"level":"info","message":"::1 - - [20/Mar/2024:15:01:38 +0000] \"GET /users/dbf891c8-2c86-49f4-aea1-b764169c63e6 HTTP/1.1\" 404 81","timestamp":"2024-03-20T15:01:38.216Z"}
{"level":"info","message":"::1 - - [20/Mar/2024:15:01:40 +0000] \"GET /users/dbf891c8-2c86-49f4-aea1-b764169c63e6 HTTP/1.1\" 404 81","timestamp":"2024-03-20T15:01:40.950Z"}
{"level":"info","message":"::1 - - [20/Mar/2024:15:02:58 +0000] \"GET //:id HTTP/1.1\" 404 81","timestamp":"2024-03-20T15:02:58.627Z"}
{"level":"info","message":"::1 - - [20/Mar/2024:15:03:27 +0000] \"GET //:9d66363a-f06b-4a6b-aa64-0017257f4f44 HTTP/1.1\" 404 81","timestamp":"2024-03-20T15:03:27.351Z"}
{"level":"info","message":"::1 - - [20/Mar/2024:15:03:32 +0000] \"GET /:9d66363a-f06b-4a6b-aa64-0017257f4f44 HTTP/1.1\" 404 81","timestamp":"2024-03-20T15:03:32.710Z"}
{"level":"info","message":"::1 - - [20/Mar/2024:15:03:41 +0000] \"GET /users/9d66363a-f06b-4a6b-aa64-0017257f4f44 HTTP/1.1\" 404 81","timestamp":"2024-03-20T15:03:41.373Z"}
{"level":"info","message":"::1 - - [20/Mar/2024:15:03:46 +0000] \"GET /users/:9d66363a-f06b-4a6b-aa64-0017257f4f44 HTTP/1.1\" 404 81","timestamp":"2024-03-20T15:03:46.698Z"}
{"level":"info","message":"::1 - - [20/Mar/2024:15:03:53 +0000] \"GET /users/9d66363a-f06b-4a6b-aa64-0017257f4f44 HTTP/1.1\" 404 81","timestamp":"2024-03-20T15:03:53.754Z"}
{"level":"info","message":"::1 - - [20/Mar/2024:15:15:39 +0000] \"GET / HTTP/1.1\" 404 81","timestamp":"2024-03-20T15:15:39.284Z"}
{"level":"info","message":"::1 - - [20/Mar/2024:15:16:08 +0000] \"GET /users HTTP/1.1\" 304 -","timestamp":"2024-03-20T15:16:08.268Z"}
{"level":"info","message":"::1 - - [20/Mar/2024:15:16:12 +0000] \"GET /users HTTP/1.1\" 200 1110","timestamp":"2024-03-20T15:16:12.225Z"}
{"level":"info","message":"::1 - - [20/Mar/2024:15:17:20 +0000] \"GET /users/9d66363a-f06b-4a6b-aa64-0017257f4f44 HTTP/1.1\" 404 81","timestamp":"2024-03-20T15:17:20.635Z"}
{"level":"info","message":"::1 - - [20/Mar/2024:15:19:00 +0000] \"GET /users/:9d66363a-f06b-4a6b-aa64-0017257f4f44 HTTP/1.1\" 404 81","timestamp":"2024-03-20T15:19:00.417Z"}
{"level":"info","message":"::1 - - [20/Mar/2024:15:19:17 +0000] \"GET /users/9d66363a-f06b-4a6b-aa64-0017257f4f44 HTTP/1.1\" 404 81","timestamp":"2024-03-20T15:19:17.022Z"}
{"level":"info","message":"::1 - - [20/Mar/2024:15:19:28 +0000] \"GET /users/9d66363a-f06b-4a6b-aa64-0017257f4f44 HTTP/1.1\" 404 81","timestamp":"2024-03-20T15:19:28.515Z"}
{"level":"info","message":"::1 - - [20/Mar/2024:15:19:50 +0000] \"GET /users/9d66363a-f06b-4a6b-aa64-0017257f4f44 HTTP/1.1\" 404 81","timestamp":"2024-03-20T15:19:50.699Z"}
{"level":"info","message":"::1 - - [20/Mar/2024:15:19:53 +0000] \"GET /users/9d66363a-f06b-4a6b-aa64-0017257f4f44 HTTP/1.1\" 404 81","timestamp":"2024-03-20T15:19:53.590Z"}
{"level":"info","message":"::1 - - [20/Mar/2024:15:20:14 +0000] \"GET /users/9d66363a-f06b-4a6b-aa64-0017257f4f44 HTTP/1.1\" 404 81","timestamp":"2024-03-20T15:20:14.278Z"}
{"level":"info","message":"::1 - - [20/Mar/2024:15:20:15 +0000] \"GET /users/9d66363a-f06b-4a6b-aa64-0017257f4f44 HTTP/1.1\" 404 81","timestamp":"2024-03-20T15:20:15.551Z"}
{"level":"info","message":"::1 - - [20/Mar/2024:15:20:20 +0000] \"GET /users HTTP/1.1\" 304 -","timestamp":"2024-03-20T15:20:20.790Z"}
{"level":"info","message":"::1 - - [20/Mar/2024:15:20:27 +0000] \"GET /users/9d66363a-f06b-4a6b-aa64-0017257f4f45 HTTP/1.1\" 404 81","timestamp":"2024-03-20T15:20:27.507Z"}
{"level":"info","message":"::1 - - [20/Mar/2024:15:23:33 +0000] \"GET /25e3c593-e874-452d-974d-c6399b04dae2/ HTTP/1.1\" 404 81","timestamp":"2024-03-20T15:23:33.624Z"}
{"level":"info","message":"::1 - - [20/Mar/2024:15:23:57 +0000] \"GET /users/9d66363a-f06b-4a6b-aa64-0017257f4f44 HTTP/1.1\" 200 132","timestamp":"2024-03-20T15:23:57.886Z"}
{"level":"info","message":"::1 - - [20/Mar/2024:15:24:13 +0000] \"GET /users/d2d05c5c-291a-436b-b13d-321cdb050086 HTTP/1.1\" 200 113","timestamp":"2024-03-20T15:24:13.184Z"}
{"level":"info","message":"::1 - - [20/Mar/2024:15:25:12 +0000] \"GET /users/d2d05c5c-291a-436b-b13d-321cdb050086 HTTP/1.1\" 200 113","timestamp":"2024-03-20T15:25:12.343Z"}
{"level":"info","message":"::1 - - [20/Mar/2024:15:25:25 +0000] \"GET /users/8dab2c26-1ab9-4feb-8fca-0484d446c362 HTTP/1.1\" 200 109","timestamp":"2024-03-20T15:25:25.586Z"}
{"level":"info","message":"::1 - - [20/Mar/2024:15:25:56 +0000] \"GET /users/8dab2c26-1ab9-4feb-8fca-0484d446c362 HTTP/1.1\" 200 109","timestamp":"2024-03-20T15:25:56.981Z"}
{"level":"info","message":"::1 - - [20/Mar/2024:15:26:59 +0000] \"POST /users/ HTTP/1.1\" 201 129","timestamp":"2024-03-20T15:26:59.367Z"}
